<?xml version="1.0" encoding="UTF-8"?>
<!-- Generated by org.testng.reporters.JUnitReportReporter -->
<testsuite skipped="0" hostname="dell" name="com.actitime.TaskTest.DeleteCreatedTask" tests="1" failures="0" timestamp="27 Feb 2018 06:40:00 GMT" time="8.748" errors="0">
  <testcase name="deleteTask" time="8.748" classname="com.actitime.TaskTest.DeleteCreatedTask"/>
</testsuite> <!-- com.actitime.TaskTest.DeleteCreatedTask -->
