<?xml version="1.0" encoding="UTF-8"?>
<!-- Generated by org.testng.reporters.JUnitReportReporter -->
<testsuite skipped="0" hostname="dell" name="com.actitime.TaskTest.VerifyTipsLight" tests="1" failures="0" timestamp="27 Feb 2018 06:40:00 GMT" time="2.786" errors="0">
  <testcase name="verifyTips" time="2.786" classname="com.actitime.TaskTest.VerifyTipsLight"/>
</testsuite> <!-- com.actitime.TaskTest.VerifyTipsLight -->
