<?xml version="1.0" encoding="UTF-8"?>
<!-- Generated by org.testng.reporters.JUnitReportReporter -->
<testsuite skipped="0" hostname="dell" name="com.actitime.ReportsTest.ExtractCSV" tests="1" failures="0" timestamp="20 Feb 2018 17:10:44 GMT" time="11.470" errors="0">
  <testcase name="extractToCSV" time="11.470" classname="com.actitime.ReportsTest.ExtractCSV"/>
</testsuite> <!-- com.actitime.ReportsTest.ExtractCSV -->
