<?xml version="1.0" encoding="UTF-8"?>
<!-- Generated by org.testng.reporters.JUnitReportReporter -->
<testsuite skipped="0" hostname="dell" name="com.actitime.TaskTest.BackToME" tests="1" failures="0" timestamp="27 Feb 2018 06:40:00 GMT" time="5.737" errors="0">
  <testcase name="BackToMe" time="5.737" classname="com.actitime.TaskTest.BackToME"/>
</testsuite> <!-- com.actitime.TaskTest.BackToME -->
