<?xml version="1.0" encoding="UTF-8"?>
<!-- Generated by org.testng.reporters.JUnitReportReporter -->
<testsuite skipped="0" hostname="dell" name="com.actitime.Task.VerifyTipsLight" tests="1" failures="0" timestamp="20 Feb 2018 16:41:40 GMT" time="2.831" errors="0">
  <testcase name="verifyTips" time="2.831" classname="com.actitime.Task.VerifyTipsLight"/>
</testsuite> <!-- com.actitime.Task.VerifyTipsLight -->
