<?xml version="1.0" encoding="UTF-8"?>
<!-- Generated by org.testng.reporters.JUnitReportReporter -->
<testsuite skipped="0" hostname="dell" name="com.actitime.tests.BackToME" tests="1" failures="0" timestamp="21 Feb 2018 06:44:19 GMT" time="4.946" errors="0">
  <testcase name="BackToMe" time="4.946" classname="com.actitime.tests.BackToME"/>
</testsuite> <!-- com.actitime.tests.BackToME -->
