<?xml version="1.0" encoding="UTF-8"?>
<!-- Generated by org.testng.reporters.JUnitReportReporter -->
<testsuite skipped="0" hostname="dell" name="com.actitime.TaskTest.AddNewTaskTest" tests="1" failures="0" timestamp="03 Mar 2018 05:04:41 GMT" time="9.050" errors="0">
  <testcase name="addNewTask" time="9.050" classname="com.actitime.TaskTest.AddNewTaskTest"/>
</testsuite> <!-- com.actitime.TaskTest.AddNewTaskTest -->
